INFO:werkzeug: * Running on http://0.0.0.0:5000/ (Press CTRL+C to quit)
INFO:werkzeug: * Restarting with stat
WARNING:werkzeug: * Debugger is active!
INFO:werkzeug: * Debugger PIN: 751-401-772
INFO:werkzeug:172.18.0.2 - - [25/Jul/2023 14:48:48] "[37mGET / HTTP/1.1[0m" 200 -
INFO:root:name
INFO:root:No rating
INFO:root:No comment head
INFO:root:list index out of range
INFO:root:result.html
INFO:werkzeug:172.18.0.2 - - [25/Jul/2023 14:48:53] "[37mPOST /review HTTP/1.1[0m" 200 -
INFO:werkzeug: * Detected change in '/config/workspace/scrap_eng_pw_skills/application.py', reloading
INFO:werkzeug: * Restarting with stat
WARNING:werkzeug: * Debugger is active!
INFO:werkzeug: * Debugger PIN: 751-401-772
INFO:werkzeug: * Detected change in '/config/workspace/scrap_eng_pw_skills/application.py', reloading
INFO:werkzeug: * Restarting with stat
WARNING:werkzeug: * Debugger is active!
INFO:werkzeug: * Debugger PIN: 751-401-772
INFO:root:name
INFO:root:No rating
INFO:root:No comment head
INFO:root:list index out of range
INFO:root:result.html
INFO:werkzeug:172.18.0.2 - - [25/Jul/2023 14:49:39] "[37mPOST /review HTTP/1.1[0m" 200 -
INFO:root:name
INFO:root:No rating
INFO:root:No comment head
INFO:root:list index out of range
INFO:root:result.html
INFO:werkzeug:172.18.0.2 - - [25/Jul/2023 14:49:47] "[37mPOST /review HTTP/1.1[0m" 200 -
